<?xml version="1.0" encoding="UTF-8"?>
<!-- Generated by org.testng.reporters.JUnitReportReporter -->
<testsuite skipped="0" hostname="DESKTOP-TKIFE1R" name="LoginPageTest" tests="1" failures="0" timestamp="2023-04-17T09:50:10 BOT" time="2.779" errors="0">
  <testcase name="Provide_credentials" time="2.779" classname="LoginPageTest"/>
  <system-out/>
</testsuite> <!-- LoginPageTest -->
