<?xml version="1.0" encoding="UTF-8"?>
<!-- Generated by org.testng.reporters.JUnitReportReporter -->
<testsuite skipped="0" hostname="DESKTOP-TKIFE1R" name="TestNG_test" tests="2" failures="0" timestamp="2023-04-14T17:30:30 BOT" time="8.180" errors="0">
  <testcase name="Verify_number_of_countries_in_america" time="5.148" classname="TestNG_test"/>
  <system-out/>
  <testcase name="Verify_number_of_countries_in_the_world" time="3.032" classname="TestNG_test"/>
  <system-out/>
</testsuite> <!-- TestNG_test -->
